<?xml version="1.0" encoding="UTF-8"?>
<testsuite xmlns:xsi="http://www.w3.org/2001/XMLSchema-instance" xsi:noNamespaceSchemaLocation="https://maven.apache.org/surefire/maven-surefire-plugin/xsd/surefire-test-report.xsd" name="LabCanonicalTest" time="6.476" tests="5" errors="1" skipped="0" failures="0">
  <properties>
    <property name="sun.desktop" value="windows"/>
    <property name="awt.toolkit" value="sun.awt.windows.WToolkit"/>
    <property name="java.specification.version" value="11"/>
    <property name="sun.cpu.isalist" value="amd64"/>
    <property name="sun.jnu.encoding" value="Cp1252"/>
    <property name="java.class.path" value="C:\Users\TedBa\Projects\RevLabAdmin\target\test-classes;C:\Users\TedBa\Projects\RevLabAdmin\target\classes;C:\Users\TedBa\.m2\repository\org\springframework\boot\spring-boot-starter-actuator\2.7.11\spring-boot-starter-actuator-2.7.11.jar;C:\Users\TedBa\.m2\repository\org\springframework\boot\spring-boot-starter\2.7.11\spring-boot-starter-2.7.11.jar;C:\Users\TedBa\.m2\repository\org\springframework\boot\spring-boot-starter-logging\2.7.11\spring-boot-starter-logging-2.7.11.jar;C:\Users\TedBa\.m2\repository\ch\qos\logback\logback-classic\1.2.12\logback-classic-1.2.12.jar;C:\Users\TedBa\.m2\repository\ch\qos\logback\logback-core\1.2.12\logback-core-1.2.12.jar;C:\Users\TedBa\.m2\repository\org\apache\logging\log4j\log4j-to-slf4j\2.17.2\log4j-to-slf4j-2.17.2.jar;C:\Users\TedBa\.m2\repository\org\apache\logging\log4j\log4j-api\2.17.2\log4j-api-2.17.2.jar;C:\Users\TedBa\.m2\repository\org\slf4j\jul-to-slf4j\1.7.36\jul-to-slf4j-1.7.36.jar;C:\Users\TedBa\.m2\repository\jakarta\annotation\jakarta.annotation-api\1.3.5\jakarta.annotation-api-1.3.5.jar;C:\Users\TedBa\.m2\repository\org\yaml\snakeyaml\1.30\snakeyaml-1.30.jar;C:\Users\TedBa\.m2\repository\org\springframework\boot\spring-boot-actuator-autoconfigure\2.7.11\spring-boot-actuator-autoconfigure-2.7.11.jar;C:\Users\TedBa\.m2\repository\org\springframework\boot\spring-boot-actuator\2.7.11\spring-boot-actuator-2.7.11.jar;C:\Users\TedBa\.m2\repository\com\fasterxml\jackson\core\jackson-databind\2.13.5\jackson-databind-2.13.5.jar;C:\Users\TedBa\.m2\repository\com\fasterxml\jackson\core\jackson-annotations\2.13.5\jackson-annotations-2.13.5.jar;C:\Users\TedBa\.m2\repository\com\fasterxml\jackson\core\jackson-core\2.13.5\jackson-core-2.13.5.jar;C:\Users\TedBa\.m2\repository\com\fasterxml\jackson\datatype\jackson-datatype-jsr310\2.13.5\jackson-datatype-jsr310-2.13.5.jar;C:\Users\TedBa\.m2\repository\io\micrometer\micrometer-core\1.9.10\micrometer-core-1.9.10.jar;C:\Users\TedBa\.m2\repository\org\hdrhistogram\HdrHistogram\2.1.12\HdrHistogram-2.1.12.jar;C:\Users\TedBa\.m2\repository\org\latencyutils\LatencyUtils\2.0.3\LatencyUtils-2.0.3.jar;C:\Users\TedBa\.m2\repository\org\springframework\boot\spring-boot-starter-data-jpa\2.7.11\spring-boot-starter-data-jpa-2.7.11.jar;C:\Users\TedBa\.m2\repository\org\springframework\boot\spring-boot-starter-aop\2.7.11\spring-boot-starter-aop-2.7.11.jar;C:\Users\TedBa\.m2\repository\org\springframework\spring-aop\5.3.27\spring-aop-5.3.27.jar;C:\Users\TedBa\.m2\repository\org\aspectj\aspectjweaver\1.9.7\aspectjweaver-1.9.7.jar;C:\Users\TedBa\.m2\repository\org\springframework\boot\spring-boot-starter-jdbc\2.7.11\spring-boot-starter-jdbc-2.7.11.jar;C:\Users\TedBa\.m2\repository\com\zaxxer\HikariCP\4.0.3\HikariCP-4.0.3.jar;C:\Users\TedBa\.m2\repository\org\springframework\spring-jdbc\5.3.27\spring-jdbc-5.3.27.jar;C:\Users\TedBa\.m2\repository\jakarta\transaction\jakarta.transaction-api\1.3.3\jakarta.transaction-api-1.3.3.jar;C:\Users\TedBa\.m2\repository\jakarta\persistence\jakarta.persistence-api\2.2.3\jakarta.persistence-api-2.2.3.jar;C:\Users\TedBa\.m2\repository\org\hibernate\hibernate-core\5.6.15.Final\hibernate-core-5.6.15.Final.jar;C:\Users\TedBa\.m2\repository\org\jboss\logging\jboss-logging\3.4.3.Final\jboss-logging-3.4.3.Final.jar;C:\Users\TedBa\.m2\repository\net\bytebuddy\byte-buddy\1.12.23\byte-buddy-1.12.23.jar;C:\Users\TedBa\.m2\repository\antlr\antlr\2.7.7\antlr-2.7.7.jar;C:\Users\TedBa\.m2\repository\org\jboss\jandex\2.4.2.Final\jandex-2.4.2.Final.jar;C:\Users\TedBa\.m2\repository\com\fasterxml\classmate\1.5.1\classmate-1.5.1.jar;C:\Users\TedBa\.m2\repository\org\hibernate\common\hibernate-commons-annotations\5.1.2.Final\hibernate-commons-annotations-5.1.2.Final.jar;C:\Users\TedBa\.m2\repository\org\glassfish\jaxb\jaxb-runtime\2.3.8\jaxb-runtime-2.3.8.jar;C:\Users\TedBa\.m2\repository\org\glassfish\jaxb\txw2\2.3.8\txw2-2.3.8.jar;C:\Users\TedBa\.m2\repository\com\sun\istack\istack-commons-runtime\3.0.12\istack-commons-runtime-3.0.12.jar;C:\Users\TedBa\.m2\repository\com\sun\activation\jakarta.activation\1.2.2\jakarta.activation-1.2.2.jar;C:\Users\TedBa\.m2\repository\org\springframework\data\spring-data-jpa\2.7.11\spring-data-jpa-2.7.11.jar;C:\Users\TedBa\.m2\repository\org\springframework\data\spring-data-commons\2.7.11\spring-data-commons-2.7.11.jar;C:\Users\TedBa\.m2\repository\org\springframework\spring-orm\5.3.27\spring-orm-5.3.27.jar;C:\Users\TedBa\.m2\repository\org\springframework\spring-context\5.3.27\spring-context-5.3.27.jar;C:\Users\TedBa\.m2\repository\org\springframework\spring-tx\5.3.27\spring-tx-5.3.27.jar;C:\Users\TedBa\.m2\repository\org\springframework\spring-beans\5.3.27\spring-beans-5.3.27.jar;C:\Users\TedBa\.m2\repository\org\slf4j\slf4j-api\1.7.36\slf4j-api-1.7.36.jar;C:\Users\TedBa\.m2\repository\org\springframework\spring-aspects\5.3.27\spring-aspects-5.3.27.jar;C:\Users\TedBa\.m2\repository\org\springframework\boot\spring-boot-starter-web\2.7.11\spring-boot-starter-web-2.7.11.jar;C:\Users\TedBa\.m2\repository\org\springframework\boot\spring-boot-starter-json\2.7.11\spring-boot-starter-json-2.7.11.jar;C:\Users\TedBa\.m2\repository\com\fasterxml\jackson\datatype\jackson-datatype-jdk8\2.13.5\jackson-datatype-jdk8-2.13.5.jar;C:\Users\TedBa\.m2\repository\com\fasterxml\jackson\module\jackson-module-parameter-names\2.13.5\jackson-module-parameter-names-2.13.5.jar;C:\Users\TedBa\.m2\repository\org\springframework\boot\spring-boot-starter-tomcat\2.7.11\spring-boot-starter-tomcat-2.7.11.jar;C:\Users\TedBa\.m2\repository\org\apache\tomcat\embed\tomcat-embed-core\9.0.74\tomcat-embed-core-9.0.74.jar;C:\Users\TedBa\.m2\repository\org\apache\tomcat\embed\tomcat-embed-el\9.0.74\tomcat-embed-el-9.0.74.jar;C:\Users\TedBa\.m2\repository\org\apache\tomcat\embed\tomcat-embed-websocket\9.0.74\tomcat-embed-websocket-9.0.74.jar;C:\Users\TedBa\.m2\repository\org\springframework\spring-web\5.3.27\spring-web-5.3.27.jar;C:\Users\TedBa\.m2\repository\org\springframework\spring-webmvc\5.3.27\spring-webmvc-5.3.27.jar;C:\Users\TedBa\.m2\repository\org\springframework\spring-expression\5.3.27\spring-expression-5.3.27.jar;C:\Users\TedBa\.m2\repository\org\springframework\boot\spring-boot-devtools\2.7.11\spring-boot-devtools-2.7.11.jar;C:\Users\TedBa\.m2\repository\org\springframework\boot\spring-boot\2.7.11\spring-boot-2.7.11.jar;C:\Users\TedBa\.m2\repository\org\springframework\boot\spring-boot-autoconfigure\2.7.11\spring-boot-autoconfigure-2.7.11.jar;C:\Users\TedBa\.m2\repository\org\projectlombok\lombok\1.18.26\lombok-1.18.26.jar;C:\Users\TedBa\.m2\repository\org\springframework\boot\spring-boot-starter-test\2.7.11\spring-boot-starter-test-2.7.11.jar;C:\Users\TedBa\.m2\repository\org\springframework\boot\spring-boot-test\2.7.11\spring-boot-test-2.7.11.jar;C:\Users\TedBa\.m2\repository\org\springframework\boot\spring-boot-test-autoconfigure\2.7.11\spring-boot-test-autoconfigure-2.7.11.jar;C:\Users\TedBa\.m2\repository\com\jayway\jsonpath\json-path\2.7.0\json-path-2.7.0.jar;C:\Users\TedBa\.m2\repository\net\minidev\json-smart\2.4.10\json-smart-2.4.10.jar;C:\Users\TedBa\.m2\repository\net\minidev\accessors-smart\2.4.9\accessors-smart-2.4.9.jar;C:\Users\TedBa\.m2\repository\org\ow2\asm\asm\9.3\asm-9.3.jar;C:\Users\TedBa\.m2\repository\jakarta\xml\bind\jakarta.xml.bind-api\2.3.3\jakarta.xml.bind-api-2.3.3.jar;C:\Users\TedBa\.m2\repository\jakarta\activation\jakarta.activation-api\1.2.2\jakarta.activation-api-1.2.2.jar;C:\Users\TedBa\.m2\repository\org\assertj\assertj-core\3.22.0\assertj-core-3.22.0.jar;C:\Users\TedBa\.m2\repository\org\hamcrest\hamcrest\2.2\hamcrest-2.2.jar;C:\Users\TedBa\.m2\repository\org\junit\jupiter\junit-jupiter\5.8.2\junit-jupiter-5.8.2.jar;C:\Users\TedBa\.m2\repository\org\junit\jupiter\junit-jupiter-api\5.8.2\junit-jupiter-api-5.8.2.jar;C:\Users\TedBa\.m2\repository\org\opentest4j\opentest4j\1.2.0\opentest4j-1.2.0.jar;C:\Users\TedBa\.m2\repository\org\junit\platform\junit-platform-commons\1.8.2\junit-platform-commons-1.8.2.jar;C:\Users\TedBa\.m2\repository\org\apiguardian\apiguardian-api\1.1.2\apiguardian-api-1.1.2.jar;C:\Users\TedBa\.m2\repository\org\junit\jupiter\junit-jupiter-params\5.8.2\junit-jupiter-params-5.8.2.jar;C:\Users\TedBa\.m2\repository\org\junit\jupiter\junit-jupiter-engine\5.8.2\junit-jupiter-engine-5.8.2.jar;C:\Users\TedBa\.m2\repository\org\junit\platform\junit-platform-engine\1.8.2\junit-platform-engine-1.8.2.jar;C:\Users\TedBa\.m2\repository\org\mockito\mockito-core\4.5.1\mockito-core-4.5.1.jar;C:\Users\TedBa\.m2\repository\net\bytebuddy\byte-buddy-agent\1.12.23\byte-buddy-agent-1.12.23.jar;C:\Users\TedBa\.m2\repository\org\objenesis\objenesis\3.2\objenesis-3.2.jar;C:\Users\TedBa\.m2\repository\org\mockito\mockito-junit-jupiter\4.5.1\mockito-junit-jupiter-4.5.1.jar;C:\Users\TedBa\.m2\repository\org\skyscreamer\jsonassert\1.5.1\jsonassert-1.5.1.jar;C:\Users\TedBa\.m2\repository\com\vaadin\external\google\android-json\0.0.20131108.vaadin1\android-json-0.0.20131108.vaadin1.jar;C:\Users\TedBa\.m2\repository\org\springframework\spring-core\5.3.27\spring-core-5.3.27.jar;C:\Users\TedBa\.m2\repository\org\springframework\spring-jcl\5.3.27\spring-jcl-5.3.27.jar;C:\Users\TedBa\.m2\repository\org\springframework\spring-test\5.3.27\spring-test-5.3.27.jar;C:\Users\TedBa\.m2\repository\org\xmlunit\xmlunit-core\2.9.1\xmlunit-core-2.9.1.jar;C:\Users\TedBa\.m2\repository\com\h2database\h2\2.1.214\h2-2.1.214.jar;"/>
    <property name="java.vm.vendor" value="Oracle Corporation"/>
    <property name="sun.arch.data.model" value="64"/>
    <property name="user.variant" value=""/>
    <property name="java.vendor.url" value="http://java.oracle.com/"/>
    <property name="user.timezone" value="America/New_York"/>
    <property name="java.vm.specification.version" value="11"/>
    <property name="os.name" value="Windows 10"/>
    <property name="sun.java.launcher" value="SUN_STANDARD"/>
    <property name="user.country" value="US"/>
    <property name="sun.boot.library.path" value="C:\Users\TedBa\scoop\apps\openjdk11\current\bin"/>
    <property name="sun.java.command" value="C:\Users\TedBa\AppData\Local\Temp\surefire15942814755605087045\surefirebooter13484333154235550344.jar C:\Users\TedBa\AppData\Local\Temp\surefire15942814755605087045 2023-06-09T14-44-26_056-jvmRun1 surefire17733524216296855176tmp surefire_08895804783271892252tmp"/>
    <property name="jdk.debug" value="release"/>
    <property name="surefire.test.class.path" value="C:\Users\TedBa\Projects\RevLabAdmin\target\test-classes;C:\Users\TedBa\Projects\RevLabAdmin\target\classes;C:\Users\TedBa\.m2\repository\org\springframework\boot\spring-boot-starter-actuator\2.7.11\spring-boot-starter-actuator-2.7.11.jar;C:\Users\TedBa\.m2\repository\org\springframework\boot\spring-boot-starter\2.7.11\spring-boot-starter-2.7.11.jar;C:\Users\TedBa\.m2\repository\org\springframework\boot\spring-boot-starter-logging\2.7.11\spring-boot-starter-logging-2.7.11.jar;C:\Users\TedBa\.m2\repository\ch\qos\logback\logback-classic\1.2.12\logback-classic-1.2.12.jar;C:\Users\TedBa\.m2\repository\ch\qos\logback\logback-core\1.2.12\logback-core-1.2.12.jar;C:\Users\TedBa\.m2\repository\org\apache\logging\log4j\log4j-to-slf4j\2.17.2\log4j-to-slf4j-2.17.2.jar;C:\Users\TedBa\.m2\repository\org\apache\logging\log4j\log4j-api\2.17.2\log4j-api-2.17.2.jar;C:\Users\TedBa\.m2\repository\org\slf4j\jul-to-slf4j\1.7.36\jul-to-slf4j-1.7.36.jar;C:\Users\TedBa\.m2\repository\jakarta\annotation\jakarta.annotation-api\1.3.5\jakarta.annotation-api-1.3.5.jar;C:\Users\TedBa\.m2\repository\org\yaml\snakeyaml\1.30\snakeyaml-1.30.jar;C:\Users\TedBa\.m2\repository\org\springframework\boot\spring-boot-actuator-autoconfigure\2.7.11\spring-boot-actuator-autoconfigure-2.7.11.jar;C:\Users\TedBa\.m2\repository\org\springframework\boot\spring-boot-actuator\2.7.11\spring-boot-actuator-2.7.11.jar;C:\Users\TedBa\.m2\repository\com\fasterxml\jackson\core\jackson-databind\2.13.5\jackson-databind-2.13.5.jar;C:\Users\TedBa\.m2\repository\com\fasterxml\jackson\core\jackson-annotations\2.13.5\jackson-annotations-2.13.5.jar;C:\Users\TedBa\.m2\repository\com\fasterxml\jackson\core\jackson-core\2.13.5\jackson-core-2.13.5.jar;C:\Users\TedBa\.m2\repository\com\fasterxml\jackson\datatype\jackson-datatype-jsr310\2.13.5\jackson-datatype-jsr310-2.13.5.jar;C:\Users\TedBa\.m2\repository\io\micrometer\micrometer-core\1.9.10\micrometer-core-1.9.10.jar;C:\Users\TedBa\.m2\repository\org\hdrhistogram\HdrHistogram\2.1.12\HdrHistogram-2.1.12.jar;C:\Users\TedBa\.m2\repository\org\latencyutils\LatencyUtils\2.0.3\LatencyUtils-2.0.3.jar;C:\Users\TedBa\.m2\repository\org\springframework\boot\spring-boot-starter-data-jpa\2.7.11\spring-boot-starter-data-jpa-2.7.11.jar;C:\Users\TedBa\.m2\repository\org\springframework\boot\spring-boot-starter-aop\2.7.11\spring-boot-starter-aop-2.7.11.jar;C:\Users\TedBa\.m2\repository\org\springframework\spring-aop\5.3.27\spring-aop-5.3.27.jar;C:\Users\TedBa\.m2\repository\org\aspectj\aspectjweaver\1.9.7\aspectjweaver-1.9.7.jar;C:\Users\TedBa\.m2\repository\org\springframework\boot\spring-boot-starter-jdbc\2.7.11\spring-boot-starter-jdbc-2.7.11.jar;C:\Users\TedBa\.m2\repository\com\zaxxer\HikariCP\4.0.3\HikariCP-4.0.3.jar;C:\Users\TedBa\.m2\repository\org\springframework\spring-jdbc\5.3.27\spring-jdbc-5.3.27.jar;C:\Users\TedBa\.m2\repository\jakarta\transaction\jakarta.transaction-api\1.3.3\jakarta.transaction-api-1.3.3.jar;C:\Users\TedBa\.m2\repository\jakarta\persistence\jakarta.persistence-api\2.2.3\jakarta.persistence-api-2.2.3.jar;C:\Users\TedBa\.m2\repository\org\hibernate\hibernate-core\5.6.15.Final\hibernate-core-5.6.15.Final.jar;C:\Users\TedBa\.m2\repository\org\jboss\logging\jboss-logging\3.4.3.Final\jboss-logging-3.4.3.Final.jar;C:\Users\TedBa\.m2\repository\net\bytebuddy\byte-buddy\1.12.23\byte-buddy-1.12.23.jar;C:\Users\TedBa\.m2\repository\antlr\antlr\2.7.7\antlr-2.7.7.jar;C:\Users\TedBa\.m2\repository\org\jboss\jandex\2.4.2.Final\jandex-2.4.2.Final.jar;C:\Users\TedBa\.m2\repository\com\fasterxml\classmate\1.5.1\classmate-1.5.1.jar;C:\Users\TedBa\.m2\repository\org\hibernate\common\hibernate-commons-annotations\5.1.2.Final\hibernate-commons-annotations-5.1.2.Final.jar;C:\Users\TedBa\.m2\repository\org\glassfish\jaxb\jaxb-runtime\2.3.8\jaxb-runtime-2.3.8.jar;C:\Users\TedBa\.m2\repository\org\glassfish\jaxb\txw2\2.3.8\txw2-2.3.8.jar;C:\Users\TedBa\.m2\repository\com\sun\istack\istack-commons-runtime\3.0.12\istack-commons-runtime-3.0.12.jar;C:\Users\TedBa\.m2\repository\com\sun\activation\jakarta.activation\1.2.2\jakarta.activation-1.2.2.jar;C:\Users\TedBa\.m2\repository\org\springframework\data\spring-data-jpa\2.7.11\spring-data-jpa-2.7.11.jar;C:\Users\TedBa\.m2\repository\org\springframework\data\spring-data-commons\2.7.11\spring-data-commons-2.7.11.jar;C:\Users\TedBa\.m2\repository\org\springframework\spring-orm\5.3.27\spring-orm-5.3.27.jar;C:\Users\TedBa\.m2\repository\org\springframework\spring-context\5.3.27\spring-context-5.3.27.jar;C:\Users\TedBa\.m2\repository\org\springframework\spring-tx\5.3.27\spring-tx-5.3.27.jar;C:\Users\TedBa\.m2\repository\org\springframework\spring-beans\5.3.27\spring-beans-5.3.27.jar;C:\Users\TedBa\.m2\repository\org\slf4j\slf4j-api\1.7.36\slf4j-api-1.7.36.jar;C:\Users\TedBa\.m2\repository\org\springframework\spring-aspects\5.3.27\spring-aspects-5.3.27.jar;C:\Users\TedBa\.m2\repository\org\springframework\boot\spring-boot-starter-web\2.7.11\spring-boot-starter-web-2.7.11.jar;C:\Users\TedBa\.m2\repository\org\springframework\boot\spring-boot-starter-json\2.7.11\spring-boot-starter-json-2.7.11.jar;C:\Users\TedBa\.m2\repository\com\fasterxml\jackson\datatype\jackson-datatype-jdk8\2.13.5\jackson-datatype-jdk8-2.13.5.jar;C:\Users\TedBa\.m2\repository\com\fasterxml\jackson\module\jackson-module-parameter-names\2.13.5\jackson-module-parameter-names-2.13.5.jar;C:\Users\TedBa\.m2\repository\org\springframework\boot\spring-boot-starter-tomcat\2.7.11\spring-boot-starter-tomcat-2.7.11.jar;C:\Users\TedBa\.m2\repository\org\apache\tomcat\embed\tomcat-embed-core\9.0.74\tomcat-embed-core-9.0.74.jar;C:\Users\TedBa\.m2\repository\org\apache\tomcat\embed\tomcat-embed-el\9.0.74\tomcat-embed-el-9.0.74.jar;C:\Users\TedBa\.m2\repository\org\apache\tomcat\embed\tomcat-embed-websocket\9.0.74\tomcat-embed-websocket-9.0.74.jar;C:\Users\TedBa\.m2\repository\org\springframework\spring-web\5.3.27\spring-web-5.3.27.jar;C:\Users\TedBa\.m2\repository\org\springframework\spring-webmvc\5.3.27\spring-webmvc-5.3.27.jar;C:\Users\TedBa\.m2\repository\org\springframework\spring-expression\5.3.27\spring-expression-5.3.27.jar;C:\Users\TedBa\.m2\repository\org\springframework\boot\spring-boot-devtools\2.7.11\spring-boot-devtools-2.7.11.jar;C:\Users\TedBa\.m2\repository\org\springframework\boot\spring-boot\2.7.11\spring-boot-2.7.11.jar;C:\Users\TedBa\.m2\repository\org\springframework\boot\spring-boot-autoconfigure\2.7.11\spring-boot-autoconfigure-2.7.11.jar;C:\Users\TedBa\.m2\repository\org\projectlombok\lombok\1.18.26\lombok-1.18.26.jar;C:\Users\TedBa\.m2\repository\org\springframework\boot\spring-boot-starter-test\2.7.11\spring-boot-starter-test-2.7.11.jar;C:\Users\TedBa\.m2\repository\org\springframework\boot\spring-boot-test\2.7.11\spring-boot-test-2.7.11.jar;C:\Users\TedBa\.m2\repository\org\springframework\boot\spring-boot-test-autoconfigure\2.7.11\spring-boot-test-autoconfigure-2.7.11.jar;C:\Users\TedBa\.m2\repository\com\jayway\jsonpath\json-path\2.7.0\json-path-2.7.0.jar;C:\Users\TedBa\.m2\repository\net\minidev\json-smart\2.4.10\json-smart-2.4.10.jar;C:\Users\TedBa\.m2\repository\net\minidev\accessors-smart\2.4.9\accessors-smart-2.4.9.jar;C:\Users\TedBa\.m2\repository\org\ow2\asm\asm\9.3\asm-9.3.jar;C:\Users\TedBa\.m2\repository\jakarta\xml\bind\jakarta.xml.bind-api\2.3.3\jakarta.xml.bind-api-2.3.3.jar;C:\Users\TedBa\.m2\repository\jakarta\activation\jakarta.activation-api\1.2.2\jakarta.activation-api-1.2.2.jar;C:\Users\TedBa\.m2\repository\org\assertj\assertj-core\3.22.0\assertj-core-3.22.0.jar;C:\Users\TedBa\.m2\repository\org\hamcrest\hamcrest\2.2\hamcrest-2.2.jar;C:\Users\TedBa\.m2\repository\org\junit\jupiter\junit-jupiter\5.8.2\junit-jupiter-5.8.2.jar;C:\Users\TedBa\.m2\repository\org\junit\jupiter\junit-jupiter-api\5.8.2\junit-jupiter-api-5.8.2.jar;C:\Users\TedBa\.m2\repository\org\opentest4j\opentest4j\1.2.0\opentest4j-1.2.0.jar;C:\Users\TedBa\.m2\repository\org\junit\platform\junit-platform-commons\1.8.2\junit-platform-commons-1.8.2.jar;C:\Users\TedBa\.m2\repository\org\apiguardian\apiguardian-api\1.1.2\apiguardian-api-1.1.2.jar;C:\Users\TedBa\.m2\repository\org\junit\jupiter\junit-jupiter-params\5.8.2\junit-jupiter-params-5.8.2.jar;C:\Users\TedBa\.m2\repository\org\junit\jupiter\junit-jupiter-engine\5.8.2\junit-jupiter-engine-5.8.2.jar;C:\Users\TedBa\.m2\repository\org\junit\platform\junit-platform-engine\1.8.2\junit-platform-engine-1.8.2.jar;C:\Users\TedBa\.m2\repository\org\mockito\mockito-core\4.5.1\mockito-core-4.5.1.jar;C:\Users\TedBa\.m2\repository\net\bytebuddy\byte-buddy-agent\1.12.23\byte-buddy-agent-1.12.23.jar;C:\Users\TedBa\.m2\repository\org\objenesis\objenesis\3.2\objenesis-3.2.jar;C:\Users\TedBa\.m2\repository\org\mockito\mockito-junit-jupiter\4.5.1\mockito-junit-jupiter-4.5.1.jar;C:\Users\TedBa\.m2\repository\org\skyscreamer\jsonassert\1.5.1\jsonassert-1.5.1.jar;C:\Users\TedBa\.m2\repository\com\vaadin\external\google\android-json\0.0.20131108.vaadin1\android-json-0.0.20131108.vaadin1.jar;C:\Users\TedBa\.m2\repository\org\springframework\spring-core\5.3.27\spring-core-5.3.27.jar;C:\Users\TedBa\.m2\repository\org\springframework\spring-jcl\5.3.27\spring-jcl-5.3.27.jar;C:\Users\TedBa\.m2\repository\org\springframework\spring-test\5.3.27\spring-test-5.3.27.jar;C:\Users\TedBa\.m2\repository\org\xmlunit\xmlunit-core\2.9.1\xmlunit-core-2.9.1.jar;C:\Users\TedBa\.m2\repository\com\h2database\h2\2.1.214\h2-2.1.214.jar;"/>
    <property name="sun.cpu.endian" value="little"/>
    <property name="user.home" value="C:\Users\TedBa"/>
    <property name="user.language" value="en"/>
    <property name="java.specification.vendor" value="Oracle Corporation"/>
    <property name="java.version.date" value="2019-01-15"/>
    <property name="java.home" value="C:\Users\TedBa\scoop\apps\openjdk11\current"/>
    <property name="file.separator" value="\"/>
    <property name="basedir" value="C:\Users\TedBa\Projects\RevLabAdmin"/>
    <property name="java.vm.compressedOopsMode" value="Zero based"/>
    <property name="line.separator" value="&#10;"/>
    <property name="java.specification.name" value="Java Platform API Specification"/>
    <property name="java.vm.specification.vendor" value="Oracle Corporation"/>
    <property name="java.awt.graphicsenv" value="sun.awt.Win32GraphicsEnvironment"/>
    <property name="surefire.real.class.path" value="C:\Users\TedBa\AppData\Local\Temp\surefire15942814755605087045\surefirebooter13484333154235550344.jar"/>
    <property name="user.script" value=""/>
    <property name="sun.management.compiler" value="HotSpot 64-Bit Tiered Compilers"/>
    <property name="java.runtime.version" value="11.0.2+9"/>
    <property name="user.name" value="TedBa"/>
    <property name="path.separator" value=";"/>
    <property name="os.version" value="10.0"/>
    <property name="java.runtime.name" value="OpenJDK Runtime Environment"/>
    <property name="file.encoding" value="Cp1252"/>
    <property name="java.vm.name" value="OpenJDK 64-Bit Server VM"/>
    <property name="java.vendor.version" value="18.9"/>
    <property name="localRepository" value="C:\Users\TedBa\.m2\repository"/>
    <property name="java.vendor.url.bug" value="http://bugreport.java.com/bugreport/"/>
    <property name="java.io.tmpdir" value="C:\Users\TedBa\AppData\Local\Temp\"/>
    <property name="java.version" value="11.0.2"/>
    <property name="user.dir" value="C:\Users\TedBa\Projects\RevLabAdmin"/>
    <property name="os.arch" value="amd64"/>
    <property name="java.vm.specification.name" value="Java Virtual Machine Specification"/>
    <property name="java.awt.printerjob" value="sun.awt.windows.WPrinterJob"/>
    <property name="sun.os.patch.level" value=""/>
    <property name="java.library.path" value="C:\Users\TedBa\scoop\apps\openjdk11\current\bin;C:\WINDOWS\Sun\Java\bin;C:\WINDOWS\system32;C:\WINDOWS;C:\Program Files\Common Files\Oracle\Java\javapath;C:\windows\system32;C:\windows;C:\windows\System32\Wbem;C:\windows\System32\WindowsPowerShell\v1.0\;C:\windows\System32\OpenSSH\;C:\Program Files (x86)\NVIDIA Corporation\PhysX\Common;C:\Program Files\NVIDIA Corporation\NVIDIA NvDLISR;C:\Program Files\Docker\Docker\resources\bin;C:\ProgramData\DockerDesktop\version-bin;C:\Gradle\gradle-7.5.1\bin;C:\Program Files\nodejs\;C:\Program Files\Git\cmd;C:\WINDOWS\system32;C:\WINDOWS;C:\WINDOWS\System32\Wbem;C:\WINDOWS\System32\WindowsPowerShell\v1.0\;C:\WINDOWS\System32\OpenSSH\;C:\Users\TedBa\scoop\apps\openjdk11\current\bin;C:\Users\TedBa\scoop\apps\maven\current\bin;C:\Users\TedBa\scoop\shims;C:\Users\TedBa\AppData\Local\Microsoft\WindowsApps;C:\Users\TedBa\AppData\Local\Programs\Microsoft VS Code\bin;C:\Users\TedBa\AppData\Roaming\npm;C:\Program Files\JetBrains\JetBrains Gateway 2022.2.3\bin;%USERPROFILE%\AppData\Local\Microsoft\WindowsApps;;."/>
    <property name="java.vendor" value="Oracle Corporation"/>
    <property name="java.vm.info" value="mixed mode"/>
    <property name="java.vm.version" value="11.0.2+9"/>
    <property name="sun.io.unicode.encoding" value="UnicodeLittle"/>
    <property name="java.class.version" value="55.0"/>
  </properties>
  <testcase name="testLabExistencePositive" classname="LabCanonicalTest" time="0.388"/>
  <testcase name="testLabExistenceNegative" classname="LabCanonicalTest" time="1.742"/>
  <testcase name="testUpdatePollTrue" classname="LabCanonicalTest" time="2.166">
    <error message=".\teds-workspace.zip" type="java.nio.file.NoSuchFileException">java.nio.file.NoSuchFileException: .\teds-workspace.zip
	at LabCanonicalTest.testUpdatePollTrue(LabCanonicalTest.java:30)
</error>
    <system-out><![CDATA[2023-06-09 14:44:34.611  INFO 43600 --- [           main] Application.App                          : running this command: git ls-remote https://github.com/PEPLabs/teds-workspace
out: 
0
2023-06-09 14:44:35.187  INFO 43600 --- [           main] Application.App                          : running this command: git ls-remote https://github.com/exa-coding-labs/teds-workspace
out: 
0
2023-06-09 14:44:35.749  INFO 43600 --- [           main] Application.App                          : running this command: git ls-remote https://github.com/tedbeast/teds-workspace
out: 63eee7730d225ffc235e737410a507252faafb90	HEAD
63eee7730d225ffc235e737410a507252faafb90	refs/heads/main

103
2023-06-09 14:44:36.096  INFO 43600 --- [           main] Application.App                          : adding as a new canonical: teds-workspace, 63eee7730d225ffc235e737410a507252faafb90, https://github.com/tedbeast/
2023-06-09 14:44:36.097  INFO 43600 --- [           main] Application.App                          : running this command: git clone https://github.com/tedbeast/teds-workspace
]]></system-out>
  </testcase>
  <testcase name="testUpdatePollFalse" classname="LabCanonicalTest" time="1.682"/>
  <testcase name="zipSizeTest" classname="LabCanonicalTest" time="0.496"/>
</testsuite>